============================= test session starts =============================
platform win32 -- Python 3.13.12, pytest-8.4.2, pluggy-1.6.0
rootdir: C:\xampp\htdocs\SaaS-PDF
plugins: anyio-4.12.1, cov-7.0.0, flask-1.3.0, mock-3.15.1, requests-mock-1.12.1
collected 286 items

backend\tests\test_admin.py ....                                         [  1%]
backend\tests\test_assistant.py ...                                      [  2%]
backend\tests\test_auth.py .....                                         [  4%]
backend\tests\test_compress.py ..                                        [  4%]
backend\tests\test_compress_image.py ...                                 [  5%]
backend\tests\test_compress_service.py ...                               [  6%]
backend\tests\test_compress_tasks.py ...                                 [  8%]
backend\tests\test_config.py ...                                         [  9%]
backend\tests\test_contact.py .......                                    [ 11%]
backend\tests\test_convert.py ....                                       [ 12%]
backend\tests\test_convert_tasks.py ....                                 [ 14%]
backend\tests\test_download.py .....                                     [ 16%]
backend\tests\test_file_validator.py .........                           [ 19%]
backend\tests\test_flowchart_tasks.py ..                                 [ 19%]
backend\tests\test_health.py ..                                          [ 20%]
backend\tests\test_history.py ...                                        [ 21%]
backend\tests\test_html_to_pdf.py ....                                   [ 23%]
backend\tests\test_image.py ...                                          [ 24%]
backend\tests\test_image_service.py ...                                  [ 25%]
backend\tests\test_image_tasks.py .....                                  [ 26%]
backend\tests\test_load.py .......                                       [ 29%]
backend\tests\test_maintenance_tasks.py ........                         [ 32%]
backend\tests\test_ocr.py ........                                       [ 34%]
backend\tests\test_ocr_service.py ....                                   [ 36%]
backend\tests\test_openrouter_config_service.py .....                    [ 38%]
backend\tests\test_password_reset.py ........                            [ 40%]
backend\tests\test_pdf_ai.py .........                                   [ 44%]
backend\tests\test_pdf_editor.py .......                                 [ 46%]
backend\tests\test_pdf_service.py ...                                    [ 47%]
backend\tests\test_pdf_to_excel.py ..                                    [ 48%]
backend\tests\test_pdf_tools.py .......................................  [ 61%]
backend\tests\test_pdf_tools_service.py ...........                      [ 65%]
backend\tests\test_pdf_tools_tasks.py .........                          [ 68%]
backend\tests\test_phase2_tools.py ........................s........     [ 80%]
backend\tests\test_qrcode.py ....                                        [ 81%]
backend\tests\test_rate_limiter.py .....                                 [ 83%]
backend\tests\test_rating.py ........                                    [ 86%]
backend\tests\test_removebg.py ...                                       [ 87%]
backend\tests\test_sanitizer.py ........                                 [ 90%]
backend\tests\test_site_assistant_service.py ..                          [ 90%]
backend\tests\test_stats.py .                                            [ 91%]
backend\tests\test_storage_service.py ....                               [ 92%]
backend\tests\test_stripe.py ....                                        [ 94%]
backend\tests\test_tasks_route.py ....                                   [ 95%]
backend\tests\test_utils.py ..                                           [ 96%]
backend\tests\test_video.py .......                                      [ 98%]
backend\tests\test_video_service.py ..                                   [ 99%]
backend\tests\test_video_tasks.py ..                                     [100%]

============================== warnings summary ===============================
backend/tests/test_pdf_tools_service.py::TestMergePdfsService::test_merge_file_not_found_raises
  C:\xampp\htdocs\SaaS-PDF\.venv\Lib\site-packages\PyPDF2\__init__.py:21: DeprecationWarning: PyPDF2 is deprecated. Please move to the pypdf library instead.
    warnings.warn(

-- Docs: https://docs.pytest.org/en/stable/how-to/capture-warnings.html
============ 285 passed, 1 skipped, 1 warning in 220.52s (0:03:40) ============
